2023-05-21 19:37:25,969 INFO  [org.jboss.modules] (main) JBoss Modules version 1.11.0.Final
2023-05-21 19:37:26,696 INFO  [org.jboss.msc] (main) JBoss MSC version 1.4.12.Final
2023-05-21 19:37:26,710 INFO  [org.jboss.threads] (main) JBoss Threads version 2.4.0.Final
2023-05-21 19:37:26,821 INFO  [org.jboss.as] (MSC service thread 1-1) WFLYSRV0049: Keycloak 15.0.2 (WildFly Core 15.0.1.Final) starting
2023-05-21 19:37:26,823 DEBUG [org.jboss.as.config] (MSC service thread 1-1) Configured system properties:
	[Standalone] = 
	awt.toolkit = sun.lwawt.macosx.LWCToolkit
	file.encoding = UTF-8
	file.encoding.pkg = sun.io
	file.separator = /
	ftp.nonProxyHosts = local|*.local|169.254/16|*.169.254/16
	gopherProxySet = false
	http.nonProxyHosts = local|*.local|169.254/16|*.169.254/16
	java.awt.graphicsenv = sun.awt.CGraphicsEnvironment
	java.awt.headless = true
	java.awt.printerjob = sun.lwawt.macosx.CPrinterJob
	java.class.path = /Users/alessandro/IdeaProjects/progettoPSW/keycloak-15.0.2/jboss-modules.jar
	java.class.version = 52.0
	java.endorsed.dirs = /Library/Java/JavaVirtualMachines/jdk1.8.0_361.jdk/Contents/Home/jre/lib/endorsed
	java.ext.dirs = /Users/alessandro/Library/Java/Extensions:/Library/Java/JavaVirtualMachines/jdk1.8.0_361.jdk/Contents/Home/jre/lib/ext:/Library/Java/Extensions:/Network/Library/Java/Extensions:/System/Library/Java/Extensions:/usr/lib/java
	java.home = /Library/Java/JavaVirtualMachines/jdk1.8.0_361.jdk/Contents/Home/jre
	java.io.tmpdir = /var/folders/6y/_k9vjqc55bl8tgk69q6r5mxw0000gn/T/
	java.library.path = /Users/alessandro/Library/Java/Extensions:/Library/Java/Extensions:/Network/Library/Java/Extensions:/System/Library/Java/Extensions:/usr/lib/java:.
	java.net.preferIPv4Stack = true
	java.runtime.name = Java(TM) SE Runtime Environment
	java.runtime.version = 1.8.0_361-b09
	java.specification.maintenance.version = 4
	java.specification.name = Java Platform API Specification
	java.specification.vendor = Oracle Corporation
	java.specification.version = 1.8
	java.util.logging.manager = org.jboss.logmanager.LogManager
	java.vendor = Oracle Corporation
	java.vendor.url = http://java.oracle.com/
	java.vendor.url.bug = http://bugreport.sun.com/bugreport/
	java.version = 1.8.0_361
	java.vm.info = mixed mode
	java.vm.name = Java HotSpot(TM) 64-Bit Server VM
	java.vm.specification.name = Java Virtual Machine Specification
	java.vm.specification.vendor = Oracle Corporation
	java.vm.specification.version = 1.8
	java.vm.vendor = Oracle Corporation
	java.vm.version = 25.361-b09
	javax.management.builder.initial = org.jboss.as.jmx.PluggableMBeanServerBuilder
	jboss.home.dir = /Users/alessandro/IdeaProjects/progettoPSW/keycloak-15.0.2
	jboss.host.name = mbpalessandro
	jboss.modules.dir = /Users/alessandro/IdeaProjects/progettoPSW/keycloak-15.0.2/modules
	jboss.modules.system.pkgs = org.jboss.byteman
	jboss.node.name = mbpalessandro
	jboss.qualified.host.name = mbpalessandro
	jboss.server.base.dir = /Users/alessandro/IdeaProjects/progettoPSW/keycloak-15.0.2/standalone
	jboss.server.config.dir = /Users/alessandro/IdeaProjects/progettoPSW/keycloak-15.0.2/standalone/configuration
	jboss.server.data.dir = /Users/alessandro/IdeaProjects/progettoPSW/keycloak-15.0.2/standalone/data
	jboss.server.deploy.dir = /Users/alessandro/IdeaProjects/progettoPSW/keycloak-15.0.2/standalone/data/content
	jboss.server.log.dir = /Users/alessandro/IdeaProjects/progettoPSW/keycloak-15.0.2/standalone/log
	jboss.server.name = mbpalessandro
	jboss.server.persist.config = true
	jboss.server.temp.dir = /Users/alessandro/IdeaProjects/progettoPSW/keycloak-15.0.2/standalone/tmp
	line.separator = 

	logging.configuration = file:/Users/alessandro/IdeaProjects/progettoPSW/keycloak-15.0.2/standalone/configuration/logging.properties
	module.path = /Users/alessandro/IdeaProjects/progettoPSW/keycloak-15.0.2/modules
	org.jboss.boot.log.file = /Users/alessandro/IdeaProjects/progettoPSW/keycloak-15.0.2/standalone/log/server.log
	org.jboss.resolver.warning = true
	os.arch = x86_64
	os.name = Mac OS X
	os.version = 13.1
	path.separator = :
	socksNonProxyHosts = local|*.local|169.254/16|*.169.254/16
	sun.arch.data.model = 64
	sun.boot.class.path = /Library/Java/JavaVirtualMachines/jdk1.8.0_361.jdk/Contents/Home/jre/lib/resources.jar:/Library/Java/JavaVirtualMachines/jdk1.8.0_361.jdk/Contents/Home/jre/lib/rt.jar:/Library/Java/JavaVirtualMachines/jdk1.8.0_361.jdk/Contents/Home/jre/lib/jsse.jar:/Library/Java/JavaVirtualMachines/jdk1.8.0_361.jdk/Contents/Home/jre/lib/jce.jar:/Library/Java/JavaVirtualMachines/jdk1.8.0_361.jdk/Contents/Home/jre/lib/charsets.jar:/Library/Java/JavaVirtualMachines/jdk1.8.0_361.jdk/Contents/Home/jre/lib/jfr.jar:/Library/Java/JavaVirtualMachines/jdk1.8.0_361.jdk/Contents/Home/jre/classes
	sun.boot.library.path = /Library/Java/JavaVirtualMachines/jdk1.8.0_361.jdk/Contents/Home/jre/lib
	sun.cpu.endian = little
	sun.cpu.isalist = 
	sun.io.unicode.encoding = UnicodeBig
	sun.java.command = /Users/alessandro/IdeaProjects/progettoPSW/keycloak-15.0.2/jboss-modules.jar -mp /Users/alessandro/IdeaProjects/progettoPSW/keycloak-15.0.2/modules org.jboss.as.standalone -Djboss.home.dir=/Users/alessandro/IdeaProjects/progettoPSW/keycloak-15.0.2 -Djboss.server.base.dir=/Users/alessandro/IdeaProjects/progettoPSW/keycloak-15.0.2/standalone
	sun.java.launcher = SUN_STANDARD
	sun.jnu.encoding = UTF-8
	sun.management.compiler = HotSpot 64-Bit Tiered Compilers
	sun.os.patch.level = unknown
	user.country = IT
	user.dir = /Users/alessandro/IdeaProjects/progettoPSW/keycloak-15.0.2/bin
	user.home = /Users/alessandro
	user.language = it
	user.name = alessandro
	user.timezone = Europe/Rome
2023-05-21 19:37:26,824 DEBUG [org.jboss.as.config] (MSC service thread 1-1) VM Arguments: -D[Standalone] -Xms64m -Xmx512m -XX:MetaspaceSize=96M -XX:MaxMetaspaceSize=256m -Djava.net.preferIPv4Stack=true -Djboss.modules.system.pkgs=org.jboss.byteman -Djava.awt.headless=true -Dorg.jboss.boot.log.file=/Users/alessandro/IdeaProjects/progettoPSW/keycloak-15.0.2/standalone/log/server.log -Dlogging.configuration=file:/Users/alessandro/IdeaProjects/progettoPSW/keycloak-15.0.2/standalone/configuration/logging.properties 
2023-05-21 19:37:27,863 INFO  [org.wildfly.security] (ServerService Thread Pool -- 20) ELY00001: WildFly Elytron version 1.15.3.Final
2023-05-21 19:37:28,212 INFO  [org.jboss.as.controller.management-deprecated] (ServerService Thread Pool -- 10) WFLYCTL0033: Extension 'security' is deprecated and may not be supported in future versions
2023-05-21 19:37:28,522 INFO  [org.jboss.as.controller.management-deprecated] (Controller Boot Thread) WFLYCTL0028: Attribute 'security-realm' in the resource at address '/core-service=management/management-interface=http-interface' is deprecated, and may be removed in a future version. See the attribute description in the output of the read-resource-description operation to learn more about the deprecation.
2023-05-21 19:37:28,746 INFO  [org.jboss.as.controller.management-deprecated] (ServerService Thread Pool -- 25) WFLYCTL0028: Attribute 'security-realm' in the resource at address '/subsystem=undertow/server=default-server/https-listener=https' is deprecated, and may be removed in a future version. See the attribute description in the output of the read-resource-description operation to learn more about the deprecation.
2023-05-21 19:37:29,024 INFO  [org.jboss.as.server] (Controller Boot Thread) WFLYSRV0039: Creating http management service using socket-binding (management-http)
2023-05-21 19:37:29,055 INFO  [org.xnio] (MSC service thread 1-8) XNIO version 3.8.4.Final
2023-05-21 19:37:29,066 INFO  [org.xnio.nio] (MSC service thread 1-8) XNIO NIO Implementation Version 3.8.4.Final
2023-05-21 19:37:29,113 INFO  [org.jboss.as.security] (ServerService Thread Pool -- 49) WFLYSEC0002: Activating Security Subsystem
2023-05-21 19:37:29,114 INFO  [org.jboss.as.naming] (ServerService Thread Pool -- 46) WFLYNAM0001: Activating Naming Subsystem
2023-05-21 19:37:29,116 INFO  [org.jboss.as.clustering.infinispan] (ServerService Thread Pool -- 37) WFLYCLINF0001: Activating Infinispan subsystem.
2023-05-21 19:37:29,117 WARN  [org.jboss.as.txn] (ServerService Thread Pool -- 51) WFLYTX0013: The node-identifier attribute on the /subsystem=transactions is set to the default value. This is a danger for environments running multiple servers. Please make sure the attribute value is unique.
2023-05-21 19:37:29,130 INFO  [org.jboss.as.security] (MSC service thread 1-3) WFLYSEC0001: Current PicketBox version=5.0.3.Final-redhat-00007
2023-05-21 19:37:29,155 INFO  [org.wildfly.extension.io] (ServerService Thread Pool -- 38) WFLYIO001: Worker 'default' has auto-configured to 16 IO threads with 128 max task threads based on your 8 available processors
2023-05-21 19:37:29,158 INFO  [org.wildfly.extension.metrics] (ServerService Thread Pool -- 45) WFLYMETRICS0001: Activating Base Metrics Subsystem
2023-05-21 19:37:29,158 INFO  [org.wildfly.extension.health] (ServerService Thread Pool -- 36) WFLYHEALTH0001: Activating Base Health Subsystem
2023-05-21 19:37:29,209 INFO  [org.jboss.as.jaxrs] (ServerService Thread Pool -- 39) WFLYRS0016: RESTEasy version 3.15.1.Final
2023-05-21 19:37:29,240 INFO  [org.jboss.as.connector] (MSC service thread 1-8) WFLYJCA0009: Starting Jakarta Connectors Subsystem (WildFly/IronJacamar 1.4.27.Final)
2023-05-21 19:37:29,248 INFO  [org.jboss.as.naming] (MSC service thread 1-6) WFLYNAM0003: Starting Naming Service
2023-05-21 19:37:29,266 INFO  [org.wildfly.extension.undertow] (MSC service thread 1-7) WFLYUT0003: Undertow 2.2.5.Final starting
2023-05-21 19:37:29,272 INFO  [org.jboss.as.connector.subsystems.datasources] (ServerService Thread Pool -- 31) WFLYJCA0004: Deploying JDBC-compliant driver class org.h2.Driver (version 1.4)
2023-05-21 19:37:29,314 INFO  [org.jboss.as.mail.extension] (MSC service thread 1-7) WFLYMAIL0001: Bound mail session [java:jboss/mail/Default]
2023-05-21 19:37:29,323 INFO  [org.jboss.as.connector.deployers.jdbc] (MSC service thread 1-4) WFLYJCA0018: Started Driver service with driver-name = h2
2023-05-21 19:37:29,348 WARN  [org.wildfly.clustering.web.undertow] (ServerService Thread Pool -- 52) WFLYCLWEBUT0007: No routing provider found for default-server; using legacy provider based on static configuration
2023-05-21 19:37:29,378 INFO  [org.jboss.remoting] (MSC service thread 1-2) JBoss Remoting version 5.0.20.Final
2023-05-21 19:37:29,735 INFO  [org.jboss.as.ejb3] (MSC service thread 1-2) WFLYEJB0482: Strict pool mdb-strict-max-pool is using a max instance size of 32 (per class), which is derived from the number of CPUs on this host.
2023-05-21 19:37:29,735 INFO  [org.jboss.as.ejb3] (MSC service thread 1-1) WFLYEJB0481: Strict pool slsb-strict-max-pool is using a max instance size of 128 (per class), which is derived from thread worker pool sizing.
2023-05-21 19:37:29,816 INFO  [org.wildfly.extension.undertow] (ServerService Thread Pool -- 52) WFLYUT0014: Creating file handler for path '/Users/alessandro/IdeaProjects/progettoPSW/keycloak-15.0.2/welcome-content' with options [directory-listing: 'false', follow-symlink: 'false', case-sensitive: 'true', safe-symlink-paths: '[]']
2023-05-21 19:37:29,827 INFO  [org.wildfly.extension.undertow] (MSC service thread 1-7) WFLYUT0012: Started server default-server.
2023-05-21 19:37:29,834 INFO  [org.wildfly.extension.undertow] (MSC service thread 1-3) Queuing requests.
2023-05-21 19:37:29,840 INFO  [org.wildfly.extension.undertow] (MSC service thread 1-3) WFLYUT0018: Host default-host starting
2023-05-21 19:37:29,982 INFO  [org.wildfly.extension.undertow] (MSC service thread 1-4) WFLYUT0006: Undertow HTTP listener default listening on 127.0.0.1:8080
2023-05-21 19:37:30,211 INFO  [org.jboss.as.ejb3] (MSC service thread 1-7) WFLYEJB0493: Jakarta Enterprise Beans subsystem suspension complete
2023-05-21 19:37:30,601 INFO  [org.jboss.as.connector.subsystems.datasources] (MSC service thread 1-2) WFLYJCA0001: Bound data source [java:jboss/datasources/KeycloakDS]
2023-05-21 19:37:30,602 INFO  [org.jboss.as.connector.subsystems.datasources] (MSC service thread 1-7) WFLYJCA0001: Bound data source [java:jboss/datasources/ExampleDS]
2023-05-21 19:37:30,665 INFO  [org.jboss.as.patching] (MSC service thread 1-4) WFLYPAT0050: Keycloak cumulative patch ID is: base, one-off patches include: none
